# JRE version: OpenJDK Runtime Environment (8.0_202-b03) (build 1.8.0_202-release-1483-b03)
# Java VM: OpenJDK 64-Bit Server VM (25.202-b03 mixed mode windows-amd64 compressed oops)
Heap:
 PSYoungGen      total 162304K, used 99862K [0x00000000e0000000, 0x00000000ed400000, 0x0000000100000000)
  eden space 148480K, 57% used [0x00000000e0000000,0x00000000e540aa58,0x00000000e9100000)
  from space 13824K, 99% used [0x00000000e9100000,0x00000000e9e7ae78,0x00000000e9e80000)
  to   space 23040K, 0% used [0x00000000ebd80000,0x00000000ebd80000,0x00000000ed400000)
 ParOldGen       total 180224K, used 40231K [0x00000000a0000000, 0x00000000ab000000, 0x00000000e0000000)
  object space 180224K, 22% used [0x00000000a0000000,0x00000000a2749cf8,0x00000000ab000000)
 Metaspace       used 69485K, capacity 73278K, committed 73560K, reserved 1112064K
  class space    used 9616K, capacity 10298K, committed 10368K, reserved 1048576K
GC Heap History (10 events):
Event: 2.926 GC heap before
{Heap before GC invocations=8 (full 2):
 PSYoungGen      total 162816K, used 8768K [0x00000000e0000000, 0x00000000edf80000, 0x0000000100000000)
  eden space 148480K, 0% used [0x00000000e0000000,0x00000000e0000000,0x00000000e9100000)
  from space 14336K, 61% used [0x00000000e9e80000,0x00000000ea710000,0x00000000eac80000)
  to   space 13824K, 0% used [0x00000000e9100000,0x00000000e9100000,0x00000000e9e80000)
 ParOldGen       total 112128K, used 12318K [0x00000000a0000000, 0x00000000a6d80000, 0x00000000e0000000)
  object space 112128K, 10% used [0x00000000a0000000,0x00000000a0c07b18,0x00000000a6d80000)
 Metaspace       used 34444K, capacity 35348K, committed 35456K, reserved 1079296K
  class space    used 4739K, capacity 4945K, committed 4992K, reserved 1048576K
Event: 2.971 GC heap after
Heap after GC invocations=8 (full 2):
 PSYoungGen      total 162816K, used 0K [0x00000000e0000000, 0x00000000edf80000, 0x0000000100000000)
  eden space 148480K, 0% used [0x00000000e0000000,0x00000000e0000000,0x00000000e9100000)
  from space 14336K, 0% used [0x00000000e9e80000,0x00000000e9e80000,0x00000000eac80000)
  to   space 13824K, 0% used [0x00000000e9100000,0x00000000e9100000,0x00000000e9e80000)
 ParOldGen       total 180224K, used 15850K [0x00000000a0000000, 0x00000000ab000000, 0x00000000e0000000)
  object space 180224K, 8% used [0x00000000a0000000,0x00000000a0f7aa40,0x00000000ab000000)
 Metaspace       used 34392K, capacity 35174K, committed 35456K, reserved 1079296K
  class space    used 4723K, capacity 4916K, committed 4992K, reserved 1048576K
}
Event: 3.868 GC heap before
{Heap before GC invocations=9 (full 2):
 PSYoungGen      total 162816K, used 148480K [0x00000000e0000000, 0x00000000edf80000, 0x0000000100000000)
  eden space 148480K, 100% used [0x00000000e0000000,0x00000000e9100000,0x00000000e9100000)
  from space 14336K, 0% used [0x00000000e9e80000,0x00000000e9e80000,0x00000000eac80000)
  to   space 13824K, 0% used [0x00000000e9100000,0x00000000e9100000,0x00000000e9e80000)
 ParOldGen       total 180224K, used 15850K [0x00000000a0000000, 0x00000000ab000000, 0x00000000e0000000)
  object space 180224K, 8% used [0x00000000a0000000,0x00000000a0f7aa40,0x00000000ab000000)
 Metaspace       used 46773K, capacity 47922K, committed 48128K, reserved 1091584K
  class space    used 6277K, capacity 6590K, committed 6656K, reserved 1048576K
Event: 3.877 GC heap after
Heap after GC invocations=9 (full 2):
 PSYoungGen      total 162304K, used 13814K [0x00000000e0000000, 0x00000000ee500000, 0x0000000100000000)
  eden space 148480K, 0% used [0x00000000e0000000,0x00000000e0000000,0x00000000e9100000)
  from space 13824K, 99% used [0x00000000e9100000,0x00000000e9e7d8b0,0x00000000e9e80000)
  to   space 17920K, 0% used [0x00000000ed380000,0x00000000ed380000,0x00000000ee500000)
 ParOldGen       total 180224K, used 20538K [0x00000000a0000000, 0x00000000ab000000, 0x00000000e0000000)
  object space 180224K, 11% used [0x00000000a0000000,0x00000000a140eae8,0x00000000ab000000)
 Metaspace       used 46773K, capacity 47922K, committed 48128K, reserved 1091584K
  class space    used 6277K, capacity 6590K, committed 6656K, reserved 1048576K
}
Event: 4.586 GC heap before
{Heap before GC invocations=10 (full 2):
 PSYoungGen      total 162304K, used 137788K [0x00000000e0000000, 0x00000000ee500000, 0x0000000100000000)
  eden space 148480K, 83% used [0x00000000e0000000,0x00000000e79118c8,0x00000000e9100000)
  from space 13824K, 99% used [0x00000000e9100000,0x00000000e9e7d8b0,0x00000000e9e80000)
  to   space 17920K, 0% used [0x00000000ed380000,0x00000000ed380000,0x00000000ee500000)
 ParOldGen       total 180224K, used 20538K [0x00000000a0000000, 0x00000000ab000000, 0x00000000e0000000)
  object space 180224K, 11% used [0x00000000a0000000,0x00000000a140eae8,0x00000000ab000000)
 Metaspace       used 57432K, capacity 59066K, committed 59096K, reserved 1099776K
  class space    used 7769K, capacity 8168K, committed 8192K, reserved 1048576K
Event: 4.598 GC heap after
Heap after GC invocations=10 (full 2):
 PSYoungGen      total 166400K, used 17907K [0x00000000e0000000, 0x00000000ee500000, 0x0000000100000000)
  eden space 148480K, 0% used [0x00000000e0000000,0x00000000e0000000,0x00000000e9100000)
  from space 17920K, 99% used [0x00000000ed380000,0x00000000ee4fcc10,0x00000000ee500000)
  to   space 13824K, 0% used [0x00000000e9100000,0x00000000e9100000,0x00000000e9e80000)
 ParOldGen       total 180224K, used 25341K [0x00000000a0000000, 0x00000000ab000000, 0x00000000e0000000)
  object space 180224K, 14% used [0x00000000a0000000,0x00000000a18bf498,0x00000000ab000000)
 Metaspace       used 57432K, capacity 59066K, committed 59096K, reserved 1099776K
  class space    used 7769K, capacity 8168K, committed 8192K, reserved 1048576K
}
Event: 4.598 GC heap before
{Heap before GC invocations=11 (full 3):
 PSYoungGen      total 166400K, used 17907K [0x00000000e0000000, 0x00000000ee500000, 0x0000000100000000)
  eden space 148480K, 0% used [0x00000000e0000000,0x00000000e0000000,0x00000000e9100000)
  from space 17920K, 99% used [0x00000000ed380000,0x00000000ee4fcc10,0x00000000ee500000)
  to   space 13824K, 0% used [0x00000000e9100000,0x00000000e9100000,0x00000000e9e80000)
 ParOldGen       total 180224K, used 25341K [0x00000000a0000000, 0x00000000ab000000, 0x00000000e0000000)
  object space 180224K, 14% used [0x00000000a0000000,0x00000000a18bf498,0x00000000ab000000)
 Metaspace       used 57432K, capacity 59066K, committed 59096K, reserved 1099776K
  class space    used 7769K, capacity 8168K, committed 8192K, reserved 1048576K
Event: 4.747 GC heap after
Heap after GC invocations=11 (full 3):
 PSYoungGen      total 166400K, used 0K [0x00000000e0000000, 0x00000000ee500000, 0x0000000100000000)
  eden space 148480K, 0% used [0x00000000e0000000,0x00000000e0000000,0x00000000e9100000)
  from space 17920K, 0% used [0x00000000ed380000,0x00000000ed380000,0x00000000ee500000)
  to   space 13824K, 0% used [0x00000000e9100000,0x00000000e9100000,0x00000000e9e80000)
 ParOldGen       total 180224K, used 37283K [0x00000000a0000000, 0x00000000ab000000, 0x00000000e0000000)
  object space 180224K, 20% used [0x00000000a0000000,0x00000000a2468fe0,0x00000000ab000000)
 Metaspace       used 57432K, capacity 59066K, committed 59096K, reserved 1099776K
  class space    used 7769K, capacity 8168K, committed 8192K, reserved 1048576K
}
Event: 5.710 GC heap before
{Heap before GC invocations=12 (full 3):
 PSYoungGen      total 166400K, used 148480K [0x00000000e0000000, 0x00000000ee500000, 0x0000000100000000)
  eden space 148480K, 100% used [0x00000000e0000000,0x00000000e9100000,0x00000000e9100000)
  from space 17920K, 0% used [0x00000000ed380000,0x00000000ed380000,0x00000000ee500000)
  to   space 13824K, 0% used [0x00000000e9100000,0x00000000e9100000,0x00000000e9e80000)
 ParOldGen       total 180224K, used 37283K [0x00000000a0000000, 0x00000000ab000000, 0x00000000e0000000)
  object space 180224K, 20% used [0x00000000a0000000,0x00000000a2468fe0,0x00000000ab000000)
 Metaspace       used 66307K, capacity 69428K, committed 69720K, reserved 1110016K
  class space    used 9171K, capacity 9793K, committed 9856K, reserved 1048576K
Event: 5.719 GC heap after
Heap after GC invocations=12 (full 3):
 PSYoungGen      total 162304K, used 13803K [0x00000000e0000000, 0x00000000ed400000, 0x0000000100000000)
  eden space 148480K, 0% used [0x00000000e0000000,0x00000000e0000000,0x00000000e9100000)
  from space 13824K, 99% used [0x00000000e9100000,0x00000000e9e7ae78,0x00000000e9e80000)
  to   space 23040K, 0% used [0x00000000ebd80000,0x00000000ebd80000,0x00000000ed400000)
 ParOldGen       total 180224K, used 40231K [0x00000000a0000000, 0x00000000ab000000, 0x00000000e0000000)
  object space 180224K, 22% used [0x00000000a0000000,0x00000000a2749cf8,0x00000000ab000000)
 Metaspace       used 66307K, capacity 69428K, committed 69720K, reserved 1110016K
  class space    used 9171K, capacity 9793K, committed 9856K, reserved 1048576K
}

