# JRE version: OpenJDK Runtime Environment (8.0_202-b03) (build 1.8.0_202-release-1483-b03)
# Java VM: OpenJDK 64-Bit Server VM (25.202-b03 mixed mode windows-amd64 compressed oops)
Heap:
 PSYoungGen      total 221696K, used 86110K [0x00000000e0000000, 0x00000000ef400000, 0x0000000100000000)
  eden space 199680K, 32% used [0x00000000e0000000,0x00000000e3f76940,0x00000000ec300000)
  from space 22016K, 95% used [0x00000000ec300000,0x00000000ed7a1270,0x00000000ed880000)
  to   space 18432K, 0% used [0x00000000ed880000,0x00000000ed880000,0x00000000eea80000)
 ParOldGen       total 178176K, used 35424K [0x00000000a0000000, 0x00000000aae00000, 0x00000000e0000000)
  object space 178176K, 19% used [0x00000000a0000000,0x00000000a2298008,0x00000000aae00000)
 Metaspace       used 72059K, capacity 76106K, committed 76288K, reserved 1114112K
  class space    used 9924K, capacity 10660K, committed 10752K, reserved 1048576K
GC Heap History (10 events):
Event: 2.941 GC heap before
{Heap before GC invocations=8 (full 2):
 PSYoungGen      total 164864K, used 8624K [0x00000000e0000000, 0x00000000ee000000, 0x0000000100000000)
  eden space 150528K, 0% used [0x00000000e0000000,0x00000000e0000000,0x00000000e9300000)
  from space 14336K, 60% used [0x00000000ea080000,0x00000000ea8ec010,0x00000000eae80000)
  to   space 13824K, 0% used [0x00000000e9300000,0x00000000e9300000,0x00000000ea080000)
 ParOldGen       total 112128K, used 12421K [0x00000000a0000000, 0x00000000a6d80000, 0x00000000e0000000)
  object space 112128K, 11% used [0x00000000a0000000,0x00000000a0c21488,0x00000000a6d80000)
 Metaspace       used 34439K, capacity 35348K, committed 35456K, reserved 1079296K
  class space    used 4745K, capacity 4945K, committed 4992K, reserved 1048576K
Event: 2.984 GC heap after
Heap after GC invocations=8 (full 2):
 PSYoungGen      total 164864K, used 0K [0x00000000e0000000, 0x00000000ee000000, 0x0000000100000000)
  eden space 150528K, 0% used [0x00000000e0000000,0x00000000e0000000,0x00000000e9300000)
  from space 14336K, 0% used [0x00000000ea080000,0x00000000ea080000,0x00000000eae80000)
  to   space 13824K, 0% used [0x00000000e9300000,0x00000000e9300000,0x00000000ea080000)
 ParOldGen       total 178176K, used 15811K [0x00000000a0000000, 0x00000000aae00000, 0x00000000e0000000)
  object space 178176K, 8% used [0x00000000a0000000,0x00000000a0f70f38,0x00000000aae00000)
 Metaspace       used 34388K, capacity 35174K, committed 35456K, reserved 1079296K
  class space    used 4730K, capacity 4916K, committed 4992K, reserved 1048576K
}
Event: 4.070 GC heap before
{Heap before GC invocations=9 (full 2):
 PSYoungGen      total 164864K, used 150528K [0x00000000e0000000, 0x00000000ee000000, 0x0000000100000000)
  eden space 150528K, 100% used [0x00000000e0000000,0x00000000e9300000,0x00000000e9300000)
  from space 14336K, 0% used [0x00000000ea080000,0x00000000ea080000,0x00000000eae80000)
  to   space 13824K, 0% used [0x00000000e9300000,0x00000000e9300000,0x00000000ea080000)
 ParOldGen       total 178176K, used 15811K [0x00000000a0000000, 0x00000000aae00000, 0x00000000e0000000)
  object space 178176K, 8% used [0x00000000a0000000,0x00000000a0f70f38,0x00000000aae00000)
 Metaspace       used 49056K, capacity 50192K, committed 50304K, reserved 1093632K
  class space    used 6490K, capacity 6777K, committed 6784K, reserved 1048576K
Event: 4.080 GC heap after
Heap after GC invocations=9 (full 2):
 PSYoungGen      total 164352K, used 13800K [0x00000000e0000000, 0x00000000eea80000, 0x0000000100000000)
  eden space 150528K, 0% used [0x00000000e0000000,0x00000000e0000000,0x00000000e9300000)
  from space 13824K, 99% used [0x00000000e9300000,0x00000000ea07a300,0x00000000ea080000)
  to   space 18432K, 0% used [0x00000000ed880000,0x00000000ed880000,0x00000000eea80000)
 ParOldGen       total 178176K, used 21648K [0x00000000a0000000, 0x00000000aae00000, 0x00000000e0000000)
  object space 178176K, 12% used [0x00000000a0000000,0x00000000a1524318,0x00000000aae00000)
 Metaspace       used 49056K, capacity 50192K, committed 50304K, reserved 1093632K
  class space    used 6490K, capacity 6777K, committed 6784K, reserved 1048576K
}
Event: 4.667 GC heap before
{Heap before GC invocations=10 (full 2):
 PSYoungGen      total 164352K, used 118462K [0x00000000e0000000, 0x00000000eea80000, 0x0000000100000000)
  eden space 150528K, 69% used [0x00000000e0000000,0x00000000e6635588,0x00000000e9300000)
  from space 13824K, 99% used [0x00000000e9300000,0x00000000ea07a300,0x00000000ea080000)
  to   space 18432K, 0% used [0x00000000ed880000,0x00000000ed880000,0x00000000eea80000)
 ParOldGen       total 178176K, used 21648K [0x00000000a0000000, 0x00000000aae00000, 0x00000000e0000000)
  object space 178176K, 12% used [0x00000000a0000000,0x00000000a1524318,0x00000000aae00000)
 Metaspace       used 57384K, capacity 59006K, committed 59096K, reserved 1099776K
  class space    used 7622K, capacity 7992K, committed 8064K, reserved 1048576K
Event: 4.677 GC heap after
Heap after GC invocations=10 (full 2):
 PSYoungGen      total 218112K, used 18417K [0x00000000e0000000, 0x00000000ef400000, 0x0000000100000000)
  eden space 199680K, 0% used [0x00000000e0000000,0x00000000e0000000,0x00000000ec300000)
  from space 18432K, 99% used [0x00000000ed880000,0x00000000eea7c688,0x00000000eea80000)
  to   space 22016K, 0% used [0x00000000ec300000,0x00000000ec300000,0x00000000ed880000)
 ParOldGen       total 178176K, used 24163K [0x00000000a0000000, 0x00000000aae00000, 0x00000000e0000000)
  object space 178176K, 13% used [0x00000000a0000000,0x00000000a1798c80,0x00000000aae00000)
 Metaspace       used 57384K, capacity 59006K, committed 59096K, reserved 1099776K
  class space    used 7622K, capacity 7992K, committed 8064K, reserved 1048576K
}
Event: 4.677 GC heap before
{Heap before GC invocations=11 (full 3):
 PSYoungGen      total 218112K, used 18417K [0x00000000e0000000, 0x00000000ef400000, 0x0000000100000000)
  eden space 199680K, 0% used [0x00000000e0000000,0x00000000e0000000,0x00000000ec300000)
  from space 18432K, 99% used [0x00000000ed880000,0x00000000eea7c688,0x00000000eea80000)
  to   space 22016K, 0% used [0x00000000ec300000,0x00000000ec300000,0x00000000ed880000)
 ParOldGen       total 178176K, used 24163K [0x00000000a0000000, 0x00000000aae00000, 0x00000000e0000000)
  object space 178176K, 13% used [0x00000000a0000000,0x00000000a1798c80,0x00000000aae00000)
 Metaspace       used 57384K, capacity 59006K, committed 59096K, reserved 1099776K
  class space    used 7622K, capacity 7992K, committed 8064K, reserved 1048576K
Event: 4.824 GC heap after
Heap after GC invocations=11 (full 3):
 PSYoungGen      total 218112K, used 0K [0x00000000e0000000, 0x00000000ef400000, 0x0000000100000000)
  eden space 199680K, 0% used [0x00000000e0000000,0x00000000e0000000,0x00000000ec300000)
  from space 18432K, 0% used [0x00000000ed880000,0x00000000ed880000,0x00000000eea80000)
  to   space 22016K, 0% used [0x00000000ec300000,0x00000000ec300000,0x00000000ed880000)
 ParOldGen       total 178176K, used 35416K [0x00000000a0000000, 0x00000000aae00000, 0x00000000e0000000)
  object space 178176K, 19% used [0x00000000a0000000,0x00000000a2296008,0x00000000aae00000)
 Metaspace       used 57358K, capacity 58918K, committed 59096K, reserved 1099776K
  class space    used 7616K, capacity 7984K, committed 8064K, reserved 1048576K
}
Event: 6.027 GC heap before
{Heap before GC invocations=12 (full 3):
 PSYoungGen      total 218112K, used 199680K [0x00000000e0000000, 0x00000000ef400000, 0x0000000100000000)
  eden space 199680K, 100% used [0x00000000e0000000,0x00000000ec300000,0x00000000ec300000)
  from space 18432K, 0% used [0x00000000ed880000,0x00000000ed880000,0x00000000eea80000)
  to   space 22016K, 0% used [0x00000000ec300000,0x00000000ec300000,0x00000000ed880000)
 ParOldGen       total 178176K, used 35416K [0x00000000a0000000, 0x00000000aae00000, 0x00000000e0000000)
  object space 178176K, 19% used [0x00000000a0000000,0x00000000a2296008,0x00000000aae00000)
 Metaspace       used 69959K, capacity 73464K, committed 73600K, reserved 1112064K
  class space    used 9616K, capacity 10263K, committed 10368K, reserved 1048576K
Event: 6.041 GC heap after
Heap after GC invocations=12 (full 3):
 PSYoungGen      total 221696K, used 21124K [0x00000000e0000000, 0x00000000ef400000, 0x0000000100000000)
  eden space 199680K, 0% used [0x00000000e0000000,0x00000000e0000000,0x00000000ec300000)
  from space 22016K, 95% used [0x00000000ec300000,0x00000000ed7a1270,0x00000000ed880000)
  to   space 18432K, 0% used [0x00000000ed880000,0x00000000ed880000,0x00000000eea80000)
 ParOldGen       total 178176K, used 35424K [0x00000000a0000000, 0x00000000aae00000, 0x00000000e0000000)
  object space 178176K, 19% used [0x00000000a0000000,0x00000000a2298008,0x00000000aae00000)
 Metaspace       used 69959K, capacity 73464K, committed 73600K, reserved 1112064K
  class space    used 9616K, capacity 10263K, committed 10368K, reserved 1048576K
}

