# JRE version: OpenJDK Runtime Environment (8.0_202-b03) (build 1.8.0_202-release-1483-b03)
# Java VM: OpenJDK 64-Bit Server VM (25.202-b03 mixed mode windows-amd64 compressed oops)
Heap:
 PSYoungGen      total 212992K, used 92151K [0x00000000e0000000, 0x00000000eec00000, 0x0000000100000000)
  eden space 190976K, 37% used [0x00000000e0000000,0x00000000e46bf1c8,0x00000000eba80000)
  from space 22016K, 89% used [0x00000000eba80000,0x00000000ecdbebd8,0x00000000ed000000)
  to   space 17408K, 0% used [0x00000000ed000000,0x00000000ed000000,0x00000000ee100000)
 ParOldGen       total 180736K, used 37327K [0x00000000a0000000, 0x00000000ab080000, 0x00000000e0000000)
  object space 180736K, 20% used [0x00000000a0000000,0x00000000a2473da8,0x00000000ab080000)
 Metaspace       used 69818K, capacity 73686K, committed 73816K, reserved 1112064K
  class space    used 9645K, capacity 10340K, committed 10368K, reserved 1048576K
GC Heap History (10 events):
Event: 2.972 GC heap before
{Heap before GC invocations=8 (full 2):
 PSYoungGen      total 160768K, used 8912K [0x00000000e0000000, 0x00000000edc00000, 0x0000000100000000)
  eden space 146432K, 0% used [0x00000000e0000000,0x00000000e0000000,0x00000000e8f00000)
  from space 14336K, 62% used [0x00000000e9c80000,0x00000000ea534010,0x00000000eaa80000)
  to   space 13824K, 0% used [0x00000000e8f00000,0x00000000e8f00000,0x00000000e9c80000)
 ParOldGen       total 112128K, used 12354K [0x00000000a0000000, 0x00000000a6d80000, 0x00000000e0000000)
  object space 112128K, 11% used [0x00000000a0000000,0x00000000a0c10a18,0x00000000a6d80000)
 Metaspace       used 34519K, capacity 35388K, committed 35456K, reserved 1079296K
  class space    used 4761K, capacity 4977K, committed 4992K, reserved 1048576K
Event: 3.016 GC heap after
Heap after GC invocations=8 (full 2):
 PSYoungGen      total 160768K, used 0K [0x00000000e0000000, 0x00000000edc00000, 0x0000000100000000)
  eden space 146432K, 0% used [0x00000000e0000000,0x00000000e0000000,0x00000000e8f00000)
  from space 14336K, 0% used [0x00000000e9c80000,0x00000000e9c80000,0x00000000eaa80000)
  to   space 13824K, 0% used [0x00000000e8f00000,0x00000000e8f00000,0x00000000e9c80000)
 ParOldGen       total 180736K, used 15996K [0x00000000a0000000, 0x00000000ab080000, 0x00000000e0000000)
  object space 180736K, 8% used [0x00000000a0000000,0x00000000a0f9f3a8,0x00000000ab080000)
 Metaspace       used 34470K, capacity 35220K, committed 35456K, reserved 1079296K
  class space    used 4746K, capacity 4949K, committed 4992K, reserved 1048576K
}
Event: 3.902 GC heap before
{Heap before GC invocations=9 (full 2):
 PSYoungGen      total 160768K, used 146432K [0x00000000e0000000, 0x00000000edc00000, 0x0000000100000000)
  eden space 146432K, 100% used [0x00000000e0000000,0x00000000e8f00000,0x00000000e8f00000)
  from space 14336K, 0% used [0x00000000e9c80000,0x00000000e9c80000,0x00000000eaa80000)
  to   space 13824K, 0% used [0x00000000e8f00000,0x00000000e8f00000,0x00000000e9c80000)
 ParOldGen       total 180736K, used 16000K [0x00000000a0000000, 0x00000000ab080000, 0x00000000e0000000)
  object space 180736K, 8% used [0x00000000a0000000,0x00000000a0fa02b8,0x00000000ab080000)
 Metaspace       used 46632K, capacity 47740K, committed 48128K, reserved 1091584K
  class space    used 6263K, capacity 6553K, committed 6656K, reserved 1048576K
Event: 3.912 GC heap after
Heap after GC invocations=9 (full 2):
 PSYoungGen      total 160256K, used 13802K [0x00000000e0000000, 0x00000000ee100000, 0x0000000100000000)
  eden space 146432K, 0% used [0x00000000e0000000,0x00000000e0000000,0x00000000e8f00000)
  from space 13824K, 99% used [0x00000000e8f00000,0x00000000e9c7a9b8,0x00000000e9c80000)
  to   space 17408K, 0% used [0x00000000ed000000,0x00000000ed000000,0x00000000ee100000)
 ParOldGen       total 180736K, used 20483K [0x00000000a0000000, 0x00000000ab080000, 0x00000000e0000000)
  object space 180736K, 11% used [0x00000000a0000000,0x00000000a1400f88,0x00000000ab080000)
 Metaspace       used 46632K, capacity 47740K, committed 48128K, reserved 1091584K
  class space    used 6263K, capacity 6553K, committed 6656K, reserved 1048576K
}
Event: 4.656 GC heap before
{Heap before GC invocations=10 (full 2):
 PSYoungGen      total 160256K, used 138362K [0x00000000e0000000, 0x00000000ee100000, 0x0000000100000000)
  eden space 146432K, 85% used [0x00000000e0000000,0x00000000e79a4240,0x00000000e8f00000)
  from space 13824K, 99% used [0x00000000e8f00000,0x00000000e9c7a9b8,0x00000000e9c80000)
  to   space 17408K, 0% used [0x00000000ed000000,0x00000000ed000000,0x00000000ee100000)
 ParOldGen       total 180736K, used 20483K [0x00000000a0000000, 0x00000000ab080000, 0x00000000e0000000)
  object space 180736K, 11% used [0x00000000a0000000,0x00000000a1400f88,0x00000000ab080000)
 Metaspace       used 57399K, capacity 59014K, committed 59096K, reserved 1099776K
  class space    used 7767K, capacity 8168K, committed 8192K, reserved 1048576K
Event: 4.668 GC heap after
Heap after GC invocations=10 (full 2):
 PSYoungGen      total 208384K, used 17396K [0x00000000e0000000, 0x00000000eec00000, 0x0000000100000000)
  eden space 190976K, 0% used [0x00000000e0000000,0x00000000e0000000,0x00000000eba80000)
  from space 17408K, 99% used [0x00000000ed000000,0x00000000ee0fd340,0x00000000ee100000)
  to   space 22016K, 0% used [0x00000000eba80000,0x00000000eba80000,0x00000000ed000000)
 ParOldGen       total 180736K, used 25838K [0x00000000a0000000, 0x00000000ab080000, 0x00000000e0000000)
  object space 180736K, 14% used [0x00000000a0000000,0x00000000a193b878,0x00000000ab080000)
 Metaspace       used 57399K, capacity 59014K, committed 59096K, reserved 1099776K
  class space    used 7767K, capacity 8168K, committed 8192K, reserved 1048576K
}
Event: 4.668 GC heap before
{Heap before GC invocations=11 (full 3):
 PSYoungGen      total 208384K, used 17396K [0x00000000e0000000, 0x00000000eec00000, 0x0000000100000000)
  eden space 190976K, 0% used [0x00000000e0000000,0x00000000e0000000,0x00000000eba80000)
  from space 17408K, 99% used [0x00000000ed000000,0x00000000ee0fd340,0x00000000ee100000)
  to   space 22016K, 0% used [0x00000000eba80000,0x00000000eba80000,0x00000000ed000000)
 ParOldGen       total 180736K, used 25838K [0x00000000a0000000, 0x00000000ab080000, 0x00000000e0000000)
  object space 180736K, 14% used [0x00000000a0000000,0x00000000a193b878,0x00000000ab080000)
 Metaspace       used 57399K, capacity 59014K, committed 59096K, reserved 1099776K
  class space    used 7767K, capacity 8168K, committed 8192K, reserved 1048576K
Event: 4.798 GC heap after
Heap after GC invocations=11 (full 3):
 PSYoungGen      total 208384K, used 0K [0x00000000e0000000, 0x00000000eec00000, 0x0000000100000000)
  eden space 190976K, 0% used [0x00000000e0000000,0x00000000e0000000,0x00000000eba80000)
  from space 17408K, 0% used [0x00000000ed000000,0x00000000ed000000,0x00000000ee100000)
  to   space 22016K, 0% used [0x00000000eba80000,0x00000000eba80000,0x00000000ed000000)
 ParOldGen       total 180736K, used 37319K [0x00000000a0000000, 0x00000000ab080000, 0x00000000e0000000)
  object space 180736K, 20% used [0x00000000a0000000,0x00000000a2471da8,0x00000000ab080000)
 Metaspace       used 57399K, capacity 59014K, committed 59096K, reserved 1099776K
  class space    used 7767K, capacity 8168K, committed 8192K, reserved 1048576K
}
Event: 5.912 GC heap before
{Heap before GC invocations=12 (full 3):
 PSYoungGen      total 208384K, used 190976K [0x00000000e0000000, 0x00000000eec00000, 0x0000000100000000)
  eden space 190976K, 100% used [0x00000000e0000000,0x00000000eba80000,0x00000000eba80000)
  from space 17408K, 0% used [0x00000000ed000000,0x00000000ed000000,0x00000000ee100000)
  to   space 22016K, 0% used [0x00000000eba80000,0x00000000eba80000,0x00000000ed000000)
 ParOldGen       total 180736K, used 37319K [0x00000000a0000000, 0x00000000ab080000, 0x00000000e0000000)
  object space 180736K, 20% used [0x00000000a0000000,0x00000000a2471da8,0x00000000ab080000)
 Metaspace       used 68303K, capacity 71786K, committed 71896K, reserved 1112064K
  class space    used 9463K, capacity 10132K, committed 10240K, reserved 1048576K
Event: 5.922 GC heap after
Heap after GC invocations=12 (full 3):
 PSYoungGen      total 212992K, used 19706K [0x00000000e0000000, 0x00000000eec00000, 0x0000000100000000)
  eden space 190976K, 0% used [0x00000000e0000000,0x00000000e0000000,0x00000000eba80000)
  from space 22016K, 89% used [0x00000000eba80000,0x00000000ecdbebd8,0x00000000ed000000)
  to   space 17408K, 0% used [0x00000000ed000000,0x00000000ed000000,0x00000000ee100000)
 ParOldGen       total 180736K, used 37327K [0x00000000a0000000, 0x00000000ab080000, 0x00000000e0000000)
  object space 180736K, 20% used [0x00000000a0000000,0x00000000a2473da8,0x00000000ab080000)
 Metaspace       used 68303K, capacity 71786K, committed 71896K, reserved 1112064K
  class space    used 9463K, capacity 10132K, committed 10240K, reserved 1048576K
}

